{"level":"error","message":"ValidationError: \"visitor_name\" is required"}
{"level":"error","message":"ValidationError: \"visitor_name\" is required"}
{"level":"error","message":"ValidationError: \"visitor_name\" is required"}
{"level":"error","message":"ReferenceError: logger is not defined\n    at WeatherApi.fetchtWeatherCondition (file:///home/emmanuel/kitchen/hng-projects/weather-api/src/services/weather/weatherApi.js:22:7)\n    at process.processTicksAndRejections (node:internal/process/task_queues:95:5)\n    at async getWeather (file:///home/emmanuel/kitchen/hng-projects/weather-api/src/modules/weather/controller.js:8:21)"}
{"level":"error","message":"AggregateError\n    at AxiosError.from (file:///home/emmanuel/kitchen/hng-projects/weather-api/node_modules/axios/lib/core/AxiosError.js:89:14)\n    at RedirectableRequest.handleRequestError (file:///home/emmanuel/kitchen/hng-projects/weather-api/node_modules/axios/lib/adapters/http.js:610:25)\n    at RedirectableRequest.emit (node:events:518:28)\n    at eventHandlers.<computed> (/home/emmanuel/kitchen/hng-projects/weather-api/node_modules/follow-redirects/index.js:38:24)\n    at ClientRequest.emit (node:events:518:28)\n    at Socket.socketErrorListener (node:_http_client:495:9)\n    at Socket.emit (node:events:518:28)\n    at emitErrorNT (node:internal/streams/destroy:169:8)\n    at emitErrorCloseNT (node:internal/streams/destroy:128:3)\n    at process.processTicksAndRejections (node:internal/process/task_queues:82:21)\n    at Axios.request (file:///home/emmanuel/kitchen/hng-projects/weather-api/node_modules/axios/lib/core/Axios.js:45:41)\n    at process.processTicksAndRejections (node:internal/process/task_queues:95:5)\n    at async WeatherApi.fetchtWeatherCondition (file:///home/emmanuel/kitchen/hng-projects/weather-api/src/services/weather/weatherApi.js:10:24)\n    at async getWeather (file:///home/emmanuel/kitchen/hng-projects/weather-api/src/modules/weather/controller.js:8:21)"}
{"level":"error","message":"TypeError: Cannot read properties of undefined (reading 'location')\n    at getWeather (file:///home/emmanuel/kitchen/hng-projects/weather-api/src/modules/weather/controller.js:11:25)\n    at process.processTicksAndRejections (node:internal/process/task_queues:95:5)"}
{"level":"error","message":"AggregateError\n    at AxiosError.from (file:///home/emmanuel/kitchen/hng-projects/weather-api/node_modules/axios/lib/core/AxiosError.js:89:14)\n    at RedirectableRequest.handleRequestError (file:///home/emmanuel/kitchen/hng-projects/weather-api/node_modules/axios/lib/adapters/http.js:610:25)\n    at RedirectableRequest.emit (node:events:518:28)\n    at eventHandlers.<computed> (/home/emmanuel/kitchen/hng-projects/weather-api/node_modules/follow-redirects/index.js:38:24)\n    at ClientRequest.emit (node:events:518:28)\n    at Socket.socketErrorListener (node:_http_client:495:9)\n    at Socket.emit (node:events:518:28)\n    at emitErrorNT (node:internal/streams/destroy:169:8)\n    at emitErrorCloseNT (node:internal/streams/destroy:128:3)\n    at process.processTicksAndRejections (node:internal/process/task_queues:82:21)\n    at Axios.request (file:///home/emmanuel/kitchen/hng-projects/weather-api/node_modules/axios/lib/core/Axios.js:45:41)\n    at process.processTicksAndRejections (node:internal/process/task_queues:95:5)\n    at async WeatherApi.fetchtWeatherCondition (file:///home/emmanuel/kitchen/hng-projects/weather-api/src/services/weather/weatherApi.js:10:24)\n    at async getWeather (file:///home/emmanuel/kitchen/hng-projects/weather-api/src/modules/weather/controller.js:8:21)"}
{"level":"error","message":"TypeError: Cannot read properties of undefined (reading 'location')\n    at getWeather (file:///home/emmanuel/kitchen/hng-projects/weather-api/src/modules/weather/controller.js:11:25)\n    at process.processTicksAndRejections (node:internal/process/task_queues:95:5)"}
{"level":"error","message":"Request failed with status code 400"}
{"level":"error","message":"TypeError: Cannot read properties of undefined (reading 'location')\n    at getWeather (file:///home/emmanuel/kitchen/hng-projects/weather-api/src/modules/weather/controller.js:11:25)\n    at process.processTicksAndRejections (node:internal/process/task_queues:95:5)"}
{"level":"error","message":""}
{"level":"error","message":"TypeError: Cannot read properties of undefined (reading 'location')\n    at getWeather (file:///home/emmanuel/kitchen/hng-projects/weather-api/src/modules/weather/controller.js:11:25)\n    at process.processTicksAndRejections (node:internal/process/task_queues:95:5)"}
{"level":"error","message":""}
{"level":"error","message":"TypeError: Cannot read properties of undefined (reading 'location')\n    at getWeather (file:///home/emmanuel/kitchen/hng-projects/weather-api/src/modules/weather/controller.js:11:25)\n    at process.processTicksAndRejections (node:internal/process/task_queues:95:5)"}
{"level":"error","message":"TypeError: Cannot read properties of undefined (reading 'location')\n    at getWeather (file:///home/emmanuel/kitchen/hng-projects/weather-api/src/modules/weather/controller.js:11:25)\n    at process.processTicksAndRejections (node:internal/process/task_queues:95:5)"}
{"level":"error","message":"TypeError: Cannot read properties of undefined (reading 'location')\n    at getWeather (file:///home/emmanuel/kitchen/hng-projects/weather-api/src/modules/weather/controller.js:11:25)\n    at process.processTicksAndRejections (node:internal/process/task_queues:95:5)"}
{"level":"error","message":""}
{"level":"error","message":"TypeError: Cannot read properties of undefined (reading 'data')\n    at getWeather (file:///home/emmanuel/kitchen/hng-projects/weather-api/src/modules/weather/controller.js:11:25)\n    at process.processTicksAndRejections (node:internal/process/task_queues:95:5)"}
{"level":"error","message":"TypeError: Cannot read properties of undefined (reading 'location')\n    at getWeather (file:///home/emmanuel/kitchen/hng-projects/weather-api/src/modules/weather/controller.js:11:25)\n    at process.processTicksAndRejections (node:internal/process/task_queues:95:5)"}
{"level":"error","message":"TypeError: Cannot read properties of undefined (reading 'location')\n    at getWeather (file:///home/emmanuel/kitchen/hng-projects/weather-api/src/modules/weather/controller.js:11:25)\n    at process.processTicksAndRejections (node:internal/process/task_queues:95:5)"}
{"level":"error","message":"TypeError: Cannot read properties of undefined (reading 'location')\n    at getWeather (file:///home/emmanuel/kitchen/hng-projects/weather-api/src/modules/weather/controller.js:11:25)\n    at process.processTicksAndRejections (node:internal/process/task_queues:95:5)"}
{"level":"error","message":""}
{"level":"error","message":"TypeError: Cannot read properties of undefined (reading 'location')\n    at getWeather (file:///home/emmanuel/kitchen/hng-projects/weather-api/src/modules/weather/controller.js:11:25)\n    at process.processTicksAndRejections (node:internal/process/task_queues:95:5)"}
{"level":"error","message":"ValidationError: \"visitor_name\" is required"}
{"level":"error","message":"ValidationError: \"visitor_name\" is required"}
{"level":"error","message":"ValidationError: \"visitor_name\" is required"}
{"level":"error","message":"ValidationError: \"visitor_name\" is required"}
{"level":"error","message":"ValidationError: \"visitor_name\" is required"}
